<?xml version="1.0" ?>
<!DOCTYPE coverage SYSTEM "http://cobertura.sourceforge.net/xml/coverage-04.dtd">
<coverage lines-valid="11" lines-covered="11" line-rate="1" branches-valid="6" branches-covered="6" branch-rate="1" timestamp="1734540670468" complexity="0" version="0.1">
  <sources>
    <source>./</source>
  </sources>
  <packages>
    <package name="main" line-rate="1" branch-rate="1">
      <classes>
        <class name="example.tsx" filename="src/components/example/example.tsx" line-rate="1" branch-rate="1">
          <methods>
            <method name="(anonymous_0)" hits="6" signature="()V">
              <lines>
                <line number="3" hits="6"/>
              </lines>
            </method>
            <method name="(anonymous_0)" hits="25" signature="()V">
              <lines>
                <line number="3" hits="25"/>
              </lines>
            </method>
            <method name="(anonymous_1)" hits="25" signature="()V">
              <lines>
                <line number="8" hits="25"/>
              </lines>
            </method>
            <method name="(anonymous_2)" hits="25" signature="()V">
              <lines>
                <line number="25" hits="25"/>
              </lines>
            </method>
            <method name="(anonymous_3)" hits="5" signature="()V">
              <lines>
                <line number="26" hits="5"/>
              </lines>
            </method>
          </methods>
          <lines>
            <line number="3" hits="6" branch="false"/>
            <line number="4" hits="25" branch="false"/>
            <line number="8" hits="25" branch="false"/>
            <line number="9" hits="25" branch="true" condition-coverage="100% (2/2)"/>
            <line number="10" hits="5" branch="false"/>
            <line number="11" hits="20" branch="true" condition-coverage="100% (2/2)"/>
            <line number="12" hits="2" branch="false"/>
            <line number="14" hits="18" branch="false"/>
            <line number="18" hits="25" branch="false"/>
            <line number="25" hits="25" branch="true" condition-coverage="100% (2/2)"/>
            <line number="26" hits="9" branch="false"/>
          </lines>
        </class>
      </classes>
    </package>
  </packages>
</coverage>
